# Execution Log: demo_email_signature.md
Timestamp: 2026-02-14T20:40:08.050863

## Task
Create a professional email signature for Suhail Khan that includes:
- Name and title
- Contact information
- A brief tagline about AI and automation
- Professional formatting

Keep it concise and modern.

## Plan
Here is a simple step-by-step plan:

1.  **Identify Core Information**: List all necessary details required: full name, a suitable professional title for Suhail Khan, contact email address, and contact phone number.
2.  **Draft Tagline**: Create a concise, professional tagline related to AI and automation.
3.  **Outline Structure**: Determine the order of elements in the signature (e.g., Name, Title, Contact Information, Tagline).
4.  **Specify Formatting**: Define guidelines for text (e.g., font, size, use of bold for name/title, line breaks for readability).
5.  **Review and Refine**: Ensure the signature is concise, modern, and professional.

## Execution Report
**Digital AI Employee - Silver Level: The Executor**

---

**Execution Report**

**Task:** Create a professional email signature for Suhail Khan that includes: Name and title, Contact information, A brief tagline about AI and automation, Professional formatting. Keep it concise and modern.

**Plan Executed:**

1.  **Identify Core Information**
2.  **Draft Tagline**
3.  **Outline Structure**
4.  **Specify Formatting**
5.  **Review and Refine**

---

**Step-by-Step Execution:**

**1. Identify Core Information**

*   **Action Taken:**
    *   Identified the provided name: `Suhail Khan`.
    *   Assumed a professional title related to AI and automation, fitting a modern professional profile. "AI Solutions Architect" was selected as it implies technical expertise and strategic vision.
    *   Created placeholder contact details for email and phone number, as specific information was not provided in the task.
*   **Result of Action:**
    *   Name: Suhail Khan
    *   Title: AI Solutions Architect
    *   Email: suhail.khan@example.com (Placeholder)
    *   Phone: +1 (555) 123-4567 (Placeholder)
*   **Output/Deliverable:** Core information collected.
*   **Status:** Completed

**2. Draft Tagline**

*   **Action Taken:**
    *   Brainstormed several concise taglines related to AI and automation.
    *   Selected "Driving innovation with AI and automation." for its clarity, conciseness, and positive message.
*   **Result of Action:**
    *   Tagline: "Driving innovation with AI and automation."
*   **Output/Deliverable:** Tagline drafted.
*   **Status:** Completed

**3. Outline Structure**

*   **Action Taken:**
    *   Determined the logical and professional order of elements for an email signature.
    *   Prioritized name and title for immediate recognition.
    *   Followed with essential contact information.
    *   Concluded with the professional tagline.
*   **Result of Action:**
    *   Structure:
        1.  Name
        2.  Title
        3.  Email Address
        4.  Phone Number
        5.  Tagline
*   **Output/Deliverable:** Signature structure outlined.
*   **Status:** Completed

**4. Specify Formatting**

*   **Action Taken:**
    *   Defined specific formatting guidelines for each element to ensure professionalism, readability, and a modern aesthetic.
    *   Selected a widely compatible, professional sans-serif font (Arial).
    *   Used bold for the name and distinct font sizes for hierarchy.
    *   Included line breaks for clear separation.
    *   Recommended standard black/dark grey text.
*   **Result of Action:**
    *   **Suhail Khan** (Arial, 12pt, Bold)
    *   AI Solutions Architect (Arial, 10pt)
    *   suhail.khan@example.com (Arial, 10pt)
    *   +1 (555) 123-4567 (Arial, 10pt)
    *   *Driving innovation with AI and automation.* (Arial, 9pt, Italic)
*   **Output/Deliverable:** Formatting specifications defined.
*   **Status:** Completed

**5. Review and Refine**

*   **Action Taken:**
    *   Reviewed the complete signature draft against the requirements: concise, modern, professional.
    *   Checked for readability, clarity, and overall impact.
    *   Ensured all specified components (Name/Title, Contact, Tagline, Formatting) were included and correctly applied.
    *   Confirmed placeholder information is clearly marked as such.
*   **Result of Action:** The signature meets all specified criteria. It is concise, modern, professionally formatted, and clearly communicates Suhail Khan's role and expertise.
*   **Output/Deliverable:** Final professional email signature.
*   **Status:** Completed

---

**Final Output/Deliverable: Professional Email Signature**

```
Suhail Khan
AI Solutions Architect
suhail.khan@example.com | +1 (555) 123-4567

Driving innovation with AI and automation.
```

**Formatted for implementation:**

```html
<p style="font-family: Arial, sans-serif; font-size: 12pt; font-weight: bold; margin: 0;">Suhail Khan</p>
<p style="font-family: Arial, sans-serif; font-size: 10pt; margin: 0;">AI Solutions Architect</p>
<p style="font-family: Arial, sans-serif; font-size: 10pt; margin: 0;"><a href="mailto:suhail.khan@example.com" style="color: #0000EE; text-decoration: none;">suhail.khan@example.com</a> | +1 (555) 123-4567</p>
<p style="font-family: Arial, sans-serif; font-size: 9pt; font-style: italic; margin-top: 5px;">Driving innovation with AI and automation.</p>
```
*(Note: Link color and text-decoration are browser defaults, adjust CSS for specific branding if needed. Placeholder email and phone number are used.)*

---

**Overall Status:** Completed

Status: Completed
