# Execution Log: EMAIL_Secure Your Application With Cloud Native Database_19c6209e.md
Timestamp: 2026-02-16T14:20:39.886239

## Task
---
type: email
from: Alibaba Cloud <newsletter@info.alibabacloud.com>
subject: Secure Your Application With Cloud Native Database Services
received: Sun, 15 Feb 2026 11:00:10 -0500
priority: high
gmail_id: 19c6209ed235106f
detected: 2026-02-16T14:16:06.465696
---

# Email Task: Secure Your Application With Cloud Native Database Services

**From:** Alibaba Cloud <newsletter@info.alibabacloud.com>
**Date:** Sun, 15 Feb 2026 11:00:10 -0500
**Priority:** high

## Email Content
Alibaba Cloud Homepage Products Console Help Cloud native is the future. Build agile applications with Alibaba Cloud database services, harnessing the power of elasticity, high availability, security

## Suggested Actions
- [ ] Read full email
- [ ] Draft reply
- [ ] Forward if needed
- [ ] Archive after handling

## Notes
This task was automatically created by Gmail Watcher.

## Plan
Here is your plan:

1.  Read the entire email content to understand the message about Alibaba Cloud's database services.
2.  Determine if a reply is required based on the email's content and your current needs.
3.  If a reply is necessary, draft a suitable response.
4.  Assess if the email needs to be forwarded to any other relevant parties.
5.  Archive the email upon completion of all necessary actions.

## Execution Report
**Execution Report**

**Employee Level:** Silver Level - The Executor
**Task Type:** Email Handling
**Email Subject:** Secure Your Application With Cloud Native Database Services
**Detected Date:** 2026-02-16T14:16:06.465696

---

**Step 1: Read the entire email content to understand the message about Alibaba Cloud's database services.**
*   **Action:** I have read the provided email content: "Alibaba Cloud Homepage Products Console Help Cloud native is the future. Build agile applications with Alibaba Cloud database services, harnessing the power of elasticity, high availability, security".
*   **Result:** The email is a promotional newsletter from Alibaba Cloud, highlighting their cloud-native database services and their benefits (elasticity, high availability, security) for building agile applications.
*   **Output/Deliverables:** None.
*   **Status:** Completed.

**Step 2: Determine if a reply is required based on the email's content and your current needs.**
*   **Action:** I analyzed the content of the email. It is a general marketing/newsletter communication, not containing any direct questions, requests for information, or calls to action that require a personalized response.
*   **Result:** No reply is required as the email is informational/promotional in nature.
*   **Output/Deliverables:** None.
*   **Status:** Completed.

**Step 3: If a reply is necessary, draft a suitable response.**
*   **Action:** Based on the determination in Step 2, a reply is not necessary.
*   **Result:** No reply was drafted.
*   **Output/Deliverables:** None.
*   **Status:** N/A (Not Applicable, as no reply was needed).

**Step 4: Assess if the email needs to be forwarded to any other relevant parties.**
*   **Action:** I considered the content of the email (general promotion of cloud database services) and assessed if it holds specific, critical, or actionable information that needs immediate attention from another department or individual. Without further context or internal directives, this type of general promotional newsletter typically does not require forwarding.
*   **Result:** The email does not contain information that necessitates forwarding to other relevant parties at this time.
*   **Output/Deliverables:** None.
*   **Status:** Completed.

**Step 5: Archive the email upon completion of all necessary actions.**
*   **Action:** All preceding steps have been completed. The email has been reviewed, and it has been determined that no reply or forwarding is necessary.
*   **Result:** The email is now considered handled and can be archived.
*   **Output/Deliverables:** Email marked for archiving.
*   **Status:** Completed.

---

**Final Status:** Completed

Status: Completed
