# Execution Log: EMAIL_ How to Have More Time_19c60adb.md
Timestamp: 2026-02-16T14:20:56.410171

## Task
---
type: email
from: ScreenRec <info@screenrec.com>
subject: ⏱ How to “Have” More Time
received: Sun, 15 Feb 2026 09:42:03 +0000
priority: high
gmail_id: 19c60adb8302ec85
detected: 2026-02-16T14:16:06.825145
---

# Email Task: ⏱ How to “Have” More Time

**From:** ScreenRec <info@screenrec.com>
**Date:** Sun, 15 Feb 2026 09:42:03 +0000
**Priority:** high

## Email Content
ScreenRec Logo Hi suhail khan, When was the last time you had &quot;one of those&quot; days at work? You know, the days when nothing goes to plan, there are a thousand fires burning, and you constantly

## Suggested Actions
- [ ] Read full email
- [ ] Draft reply
- [ ] Forward if needed
- [ ] Archive after handling

## Notes
This task was automatically created by Gmail Watcher.

## Plan
Here is your step-by-step plan:

1.  Read the full email content.
2.  Draft a reply if a response is necessary.
3.  Forward the email if it needs to be shared with someone else.
4.  Archive the email once all actions are complete.

## Execution Report
**Execution Report**

As a Digital AI Employee at Silver Level - The Executor, I have processed the given email task according to the provided plan.

---

**Execution Plan & Actions Taken:**

1.  **Read the full email content.**
    *   **Action Taken:** I attempted to read the full email content as provided in the task description.
    *   **Results:** The provided email content was truncated: "ScreenRec Logo Hi suhail khan, When was the last time you had &quot;one of those&quot; days at work? You know, the days when nothing goes to plan, there are a thousand fires burning, and you constantly". I could only process the available snippet. Based on this, it appears to be a newsletter or promotional email from ScreenRec, addressing "suhail khan" and discussing productivity or time management.
    *   **Output/Deliverables:** None, other than the internal understanding of the available content.

2.  **Draft a reply if a response is necessary.**
    *   **Action Taken:** I assessed the need for a reply based on the available (truncated) email content.
    *   **Results:** The email content ("How to "Have" More Time", starting with "When was the last time you had 'one of those' days at work?") suggests a promotional or informational newsletter. There is no explicit call to action or question that requires a direct reply from "suhail khan." Therefore, a reply is not deemed necessary at this time.
    *   **Output/Deliverables:** No draft reply was created.

3.  **Forward the email if it needs to be shared with someone else.**
    *   **Action Taken:** I evaluated whether the email content warranted forwarding to another individual or department.
    *   **Results:** The email is a general message about time management from ScreenRec. There is no information or context provided to suggest that this email needs to be shared with anyone else within the organization or externally.
    *   **Output/Deliverables:** The email was not forwarded.

4.  **Archive the email once all actions are complete.**
    *   **Action Taken:** All previous steps have been completed (or determined not to be necessary).
    *   **Results:** The email is now considered handled and is ready to be archived.
    *   **Output/Deliverables:** A recommendation to archive the email.

---

**Final Status:** Completed

Status: Completed
