# Execution Log: EMAIL_New jobs at Ace Marketing_19c64376.md
Timestamp: 2026-02-16T14:20:50.766335

## Task
---
type: email
from: Indeed <alert@indeed.com>
subject: New jobs at Ace Marketing
received: Mon, 16 Feb 2026 02:11:18 +0000
priority: high
gmail_id: 19c64376ab861391
detected: 2026-02-16T14:16:05.002000
---

# Email Task: New jobs at Ace Marketing

**From:** Indeed <alert@indeed.com>
**Date:** Mon, 16 Feb 2026 02:11:18 +0000
**Priority:** high

## Email Content
ACE Marketing has an opportunity for you! ‌ ‌ ‌ ‌ ‌ ‌ ‌ ‌ ‌ ‌ ‌ ‌ ‌ ‌ ‌ ‌ ‌ ‌ ‌ ‌ ‌ ‌ ‌ ‌ ‌ ‌ ‌ ‌ ‌ ‌ ‌ ‌ ‌ ‌ ‌ ‌ ‌ ‌ ‌ ‌ ‌ ‌ ‌ ‌ ‌ ‌ ‌ ‌ ‌ ‌ ‌ ‌ ‌ ‌ ‌ ‌ ‌ ‌ ‌ ‌ ‌ ‌ ‌ ‌ ‌ ‌ ‌ ‌ ‌ ‌ ‌ ‌ ‌ ‌ ‌ ‌ ‌ ‌ ‌ ‌

## Suggested Actions
- [ ] Read full email
- [ ] Draft reply
- [ ] Forward if needed
- [ ] Archive after handling

## Notes
This task was automatically created by Gmail Watcher.

## Plan
Plan:

1.  Read the full email content to understand the job opportunity from ACE Marketing.
2.  Based on the content, determine if a reply is needed. If so, draft a reply.
3.  Determine if the email needs to be forwarded to anyone. If so, forward it.
4.  Archive the email after it has been handled.

## Execution Report
## Execution Report - Digital AI Employee (Silver Level - The Executor)

**Task:** Handle email notification "New jobs at Ace Marketing" from Indeed.

---

### Plan Execution:

**1. Read the full email content to understand the job opportunity from ACE Marketing.**
*   **Action Taken:** I have read the provided "Email Content".
*   **Results of Action:** The content states: "ACE Marketing has an opportunity for you! ‌ ‌ ‌ ‌ ‌ ‌ ‌ ‌ ‌ ‌ ‌ ‌ ‌ ‌ ‌ ‌ ‌ ‌ ‌ ‌ ‌ ‌ ‌ ‌ ‌ ‌ ‌ ‌ ‌ ‌ ‌ ‌ ‌ ‌ ‌ ‌ ‌ ‌ ‌ ‌ ‌ ‌ ‌ ‌ ‌ ‌ ‌ ‌ ‌ ‌ ‌ ‌ ‌ ‌ ‌ ‌ ‌ ‌ ‌ ‌ ‌ ‌ ‌ ‌ ‌ ‌ ‌ ‌ ‌ ‌ ‌ ‌ ‌ ‌ ‌ ‌ ‌ ‌ ‌ ‌". This is an alert from Indeed, indicating the presence of new job opportunities at ACE Marketing.
*   **Outputs/Deliverables:** Internal understanding of the email's purpose as a job alert.

**2. Based on the content, determine if a reply is needed. If so, draft a reply.**
*   **Action Taken:** I have evaluated the content to determine the necessity of a reply.
*   **Results of Action:** The email is an automated alert from Indeed, not a direct inquiry or communication from ACE Marketing that requires a personal reply. Replying to such an alert would typically be ineffective. The intended action for the recipient of such an email is to click through to Indeed to view the job details, rather than drafting a reply to the notification sender.
*   **Outputs/Deliverables:** Decision: No reply is needed.

**3. Determine if the email needs to be forwarded to anyone. If so, forward it.**
*   **Action Taken:** I have considered whether this email should be forwarded.
*   **Results of Action:** No specific forwarding instructions or recipient were provided in the task. As this is a generic job alert from Indeed for "you" (the implied user of the system), and without further context or directive, forwarding is not indicated as necessary.
*   **Outputs/Deliverables:** Decision: No forwarding is needed.

**4. Archive the email after it has been handled.**
*   **Action Taken:** The email has been processed according to the preceding steps.
*   **Results of Action:** The conceptual state of the email is now considered handled and ready for archiving. In a live system, this would involve moving the email to an 'Archive' folder or applying an 'Archived' label.
*   **Outputs/Deliverables:** Email marked as handled/archived.

---

**Final Status:** Completed

Status: Completed
