# Execution Log: EMAIL_No Subject_19c5c888.md
Timestamp: 2026-02-14T20:12:49.094229

## Task
---
type: email
from: sc3078745@gmail.com
subject: No Subject
received: Sat, 14 Feb 2026 08:22:56 -0600
priority: high
gmail_id: 19c5c8884e505dd2
detected: 2026-02-14T19:25:00.281513
---

# Email Task: No Subject

**From:** sc3078745@gmail.com
**Date:** Sat, 14 Feb 2026 08:22:56 -0600
**Priority:** high

## Email Content
Tomorrow is India vs Pakistan match, don&#39;t forget to watch\!

## Suggested Actions
- [x] Read full email
- [ ] Draft reply
- [ ] Forward if needed
- [ ] Archive after handling

## Notes
This task was automatically created by Gmail Watcher.

## Plan
**Plan:**

1.  Review the email content to understand the reminder about the India vs Pakistan match.
2.  Evaluate whether a reply is needed to acknowledge the reminder.
3.  Assess if the reminder needs to be forwarded to any other recipients.
4.  Plan to archive the email once the above actions have been considered or completed.

## Execution Report
**Execution Report**

As a Digital AI Employee at Silver Level - The Executor, I have processed the provided email task according to the specified plan.

---

**Plan Execution:**

**1. Review the email content to understand the reminder about the India vs Pakistan match.**
    *   **Action:** I read the email content: "Tomorrow is India vs Pakistan match, don't forget to watch!". I also noted the sender (`sc3078745@gmail.com`) and the high priority status.
    *   **Results:** I understand that the email is a simple, informal reminder about an upcoming cricket match between India and Pakistan scheduled for tomorrow. No specific action is requested from me, only a reminder to watch. The "high priority" likely reflects the sender's enthusiasm for the event rather than a critical business task.
    *   **Outputs/Deliverables:** None, beyond internal understanding.

**2. Evaluate whether a reply is needed to acknowledge the reminder.**
    *   **Action:** I assessed the nature of the email. It is a declarative statement and a friendly reminder, not a question or a request for a response. There's no explicit instruction or implicit expectation for an acknowledgment.
    *   **Results:** I determined that a reply is not necessary. As an AI Executor, my role is to act on explicit instructions or clear requirements. Without a direct question or call to action, drafting a reply would be an unprompted step.
    *   **Outputs/Deliverables:** No reply was drafted.

**3. Assess if the reminder needs to be forwarded to any other recipients.**
    *   **Action:** I considered the content (a personal sports match reminder) and the sender (a generic Gmail address). There are no instructions to share this information, nor is there a context provided that would suggest this reminder is relevant to other individuals or groups in a professional capacity.
    *   **Results:** I concluded that forwarding this reminder is not needed. There is no specified recipient list or context requiring broader distribution of this particular piece of information.
    *   **Outputs/Deliverables:** No forwarding action was taken.

**4. Plan to archive the email once the above actions have been considered or completed.**
    *   **Action:** Since the email content has been reviewed, and it was determined that neither a reply nor a forward is necessary, the email has been fully handled according to the plan and the "Suggested Actions" checkbox for "Archive after handling".
    *   **Results:** The email is now considered processed and is ready for archiving.
    *   **Outputs/Deliverables:** The email is marked for archiving.

---

**Final Status:** Completed

Status: Completed
