# Execution Log: EMAIL_Junior Graphics  UIUX Designer at Nao Medical and _19c64087.md
Timestamp: 2026-02-16T14:22:13.098235

## Task
---
type: email
from: Indeed <alert@indeed.com>
subject: Junior Graphics / UI/UX Designer at Nao Medical and 10 more front end developer jobs in Karachi for you!
received: Mon, 16 Feb 2026 01:20:02 +0000
priority: high
gmail_id: 19c64087945e3709
detected: 2026-02-16T14:16:05.438600
---

# Email Task: Junior Graphics / UI/UX Designer at Nao Medical and 10 more front end developer jobs in Karachi for you!

**From:** Indeed <alert@indeed.com>
**Date:** Mon, 16 Feb 2026 01:20:02 +0000
**Priority:** high

## Email Content
Contour Software, LN Technologies, and Horizon Technologies have new jobs. ‌ ‌ ‌ ‌ ‌ ‌ ‌ ‌ ‌ ‌ ‌ ‌ ‌ ‌ ‌ ‌ ‌ ‌ ‌ ‌ ‌ ‌ ‌ ‌ ‌ ‌ ‌ ‌ ‌ ‌ ‌ ‌ ‌ ‌ ‌ ‌ ‌ ‌ ‌ ‌ ‌ ‌ ‌ ‌ ‌ ‌ ‌ ‌ ‌ ‌ ‌ ‌ ‌ ‌ ‌ ‌ ‌ ‌ ‌ ‌ ‌ ‌ ‌

## Suggested Actions
- [ ] Read full email
- [ ] Draft reply
- [ ] Forward if needed
- [ ] Archive after handling

## Notes
This task was automatically created by Gmail Watcher.

## Plan
Here is a simple step-by-step plan:

1.  **Read the full email content:** Understand all job alerts mentioned in the Indeed email.
2.  **Evaluate job relevance:** Determine if any of the listed "Junior Graphics / UI/UX Designer" or "front end developer jobs" are of interest or require further action.
3.  **Take action on relevant jobs (if any):** This might involve clicking through to apply or saving the job details.
4.  **Forward if necessary:** If any job opportunities are more suitable for a colleague or contact, forward the email to them.
5.  **Archive the email:** Once all necessary actions have been taken, archive the email.

## Execution Report
**Digital AI Employee - Silver Level - The Executor**

**Execution Report**

**Task:** Process an Indeed job alert email according to the provided plan.

---

**Plan Execution:**

**1. Read the full email content:**
*   **Action:** I have thoroughly reviewed the provided email content.
*   **Result:** The email is an alert from Indeed with the subject "Junior Graphics / UI/UX Designer at Nao Medical and 10 more front end developer jobs in Karachi for you!". The body content provided in the task states: "Contour Software, LN Technologies, and Horizon Technologies have new jobs." It appears to be a truncated version of a full email, as it does not contain details, descriptions, or links for any of the mentioned jobs, including the "Junior Graphics / UI/UX Designer at Nao Medical" or the "10 more front end developer jobs in Karachi" mentioned in the subject line. It only lists three additional companies with "new jobs."
*   **Output:** N/A (Internal understanding).

**2. Evaluate job relevance:**
*   **Action:** I attempted to evaluate the relevance of the jobs mentioned.
*   **Result:** Due to the severe truncation of the email content, I am unable to evaluate the relevance of any specific job opportunities. No job descriptions, specific titles beyond what's in the subject line, or application links were provided. While the subject line mentions roles (Junior Graphics / UI/UX Designer, Front End Developer) that might be of interest, there is no actionable detail in the email body to assess fit or proceed further.
*   **Output:** N/A (Cannot evaluate due to insufficient data).

**3. Take action on relevant jobs (if any):**
*   **Action:** I attempted to take action on relevant jobs.
*   **Result:** This step could not be executed. As relevance could not be determined due to the lack of job details (descriptions, requirements, locations for the generic "new jobs," or application links), no actions such as clicking through to apply or saving job details could be taken.
*   **Output:** N/A (No actions taken).

**4. Forward if necessary:**
*   **Action:** I considered forwarding the email.
*   **Result:** This step could not be executed. Without any specific job details (e.g., specific roles, required skills, full company names for all opportunities), it is impossible to determine if any of the opportunities are suitable for a colleague or contact. The generic mention of "new jobs" from "Contour Software, LN Technologies, and Horizon Technologies" provides insufficient information for a targeted forward.
*   **Output:** N/A (No forwarding performed).

**5. Archive the email:**
*   **Action:** The email has been marked for archiving.
*   **Result:** All feasible steps based on the provided, truncated email content have been processed. Although no direct job actions could be taken, the email has been reviewed, and its content limitations acknowledged.
*   **Output:** The email is logically archived within the system as 'handled'.

---

**Final Status:** Completed (with noted limitations due to truncated email content).

Status: Completed
