# Execution Log: EMAIL_Node JS Developer at Instant Solutions Lab and 7 m_19c5dc4e.md
Timestamp: 2026-02-16T14:22:37.387374

## Task
---
type: email
from: Indeed <alert@indeed.com>
subject: Node JS Developer at Instant Solutions Lab and 7 more front end developer jobs in Karachi for you!
received: Sat, 14 Feb 2026 20:08:29 +0000
priority: high
gmail_id: 19c5dc4e14ccaa38
detected: 2026-02-16T14:16:08.619747
---

# Email Task: Node JS Developer at Instant Solutions Lab and 7 more front end developer jobs in Karachi for you!

**From:** Indeed <alert@indeed.com>
**Date:** Sat, 14 Feb 2026 20:08:29 +0000
**Priority:** high

## Email Content
Contour Software, Digital Arcanum, and Flipdish have new jobs. ‌ ‌ ‌ ‌ ‌ ‌ ‌ ‌ ‌ ‌ ‌ ‌ ‌ ‌ ‌ ‌ ‌ ‌ ‌ ‌ ‌ ‌ ‌ ‌ ‌ ‌ ‌ ‌ ‌ ‌ ‌ ‌ ‌ ‌ ‌ ‌ ‌ ‌ ‌ ‌ ‌ ‌ ‌ ‌ ‌ ‌ ‌ ‌ ‌ ‌ ‌ ‌ ‌ ‌ ‌ ‌ ‌ ‌ ‌ ‌ ‌ ‌ ‌ ‌ ‌ ‌ ‌ ‌ ‌

## Suggested Actions
- [ ] Read full email
- [ ] Draft reply
- [ ] Forward if needed
- [ ] Archive after handling

## Notes
This task was automatically created by Gmail Watcher.

## Plan
**Plan:**

1.  Read the entire email content to identify all mentioned job opportunities and companies.
2.  Assess the relevance of the "Node JS Developer at Instant Solutions Lab" and the "7 more front end developer jobs in Karachi" for further action.
3.  Determine if any specific job warrants a reply (e.g., to express interest, or to filter future alerts if applicable) or forwarding to another party.
4.  If no immediate action beyond review is needed, or once actions are completed, archive the email.

## Execution Report
**Execution Report**

**Digital AI Employee Level:** Silver - The Executor
**Task ID:** (Implicit from description)
**Date:** 2026-02-16

---

**Plan:**

1.  Read the entire email content to identify all mentioned job opportunities and companies.
2.  Assess the relevance of the "Node JS Developer at Instant Solutions Lab" and the "7 more front end developer jobs in Karachi" for further action.
3.  Determine if any specific job warrants a reply (e.g., to express interest, or to filter future alerts if applicable) or forwarding to another party.
4.  If no immediate action beyond review is needed, or once actions are completed, archive the email.

---

**Execution Steps and Results:**

**Step 1: Read the entire email content to identify all mentioned job opportunities and companies.**

*   **Action Taken:** I thoroughly read the provided `Email Content` section.
*   **Result:**
    *   The `Email Content` states: "Contour Software, Digital Arcanum, and Flipdish have new jobs."
    *   The subject line mentions: "Node JS Developer at Instant Solutions Lab and 7 more front end developer jobs in Karachi for you!"
    *   **Identified Companies (from content):** Contour Software, Digital Arcanum, Flipdish.
    *   **Identified Companies (from subject line only):** Instant Solutions Lab.
    *   **Identified Job Opportunities (from subject line only):** Node JS Developer at Instant Solutions Lab, 7 more front end developer jobs in Karachi.
    *   **Discrepancy Noted:** The actual email content provided does not elaborate on the "Node JS Developer" or the "7 more front end developer jobs" mentioned in the subject line. It only indicates that "Contour Software, Digital Arcanum, and Flipdish have new jobs" without specifying what those jobs are. This suggests the provided `Email Content` is a highly truncated version of what a full Indeed alert typically contains.

**Step 2: Assess the relevance of the "Node JS Developer at Instant Solutions Lab" and the "7 more front end developer jobs in Karachi" for further action.**

*   **Action Taken:** Based on the information available in the `Email Content` and subject line, I attempted to assess relevance.
*   **Result:**
    *   Due to the very limited detail in the provided `Email Content`, I cannot assess the specific relevance of the "Node JS Developer at Instant Solutions Lab" or the "7 more front end developer jobs in Karachi." No job descriptions, requirements, or application links were present in the content for these roles.
    *   Similarly, for "Contour Software, Digital Arcanum, and Flipdish," while new jobs are indicated, no specific roles or details are provided to assess their relevance.
    *   Therefore, no concrete assessment of relevance beyond the general categories (Node JS, Front End Developer) can be made from the provided data.

**Step 3: Determine if any specific job warrants a reply or forwarding to another party.**

*   **Action Taken:** I evaluated whether a reply or forwarding action was justified given the available information.
*   **Result:**
    *   No specific job details (like a full description, responsibilities, requirements, or direct application link) are present in the provided email content.
    *   Without such details, drafting a meaningful reply (e.g., expressing interest in a specific role) is not possible.
    *   Similarly, forwarding this email without more context or specific job information would not be productive for another party, as it lacks actionable content.
    *   Therefore, no reply or forwarding action is warranted at this stage.

**Step 4: If no immediate action beyond review is needed, or once actions are completed, archive the email.**

*   **Action Taken:** Since no specific actionable items (reply, forward) were identified based on the limited email content, and the review of the content is complete, the email is marked for archiving.
*   **Result:** The email has been processed and is deemed ready for archival.

---

**Outputs/Deliverables Created:**

*   This detailed execution report.
*   No other tangible outputs (e.g., draft replies, forwarded emails) were created due to the nature and brevity of the provided email content.

**Final Status:** Completed

Status: Completed
