# Execution Log: EMAIL_8 new jobs for full stack developer jobs in karach_19c63a91.md
Timestamp: 2026-02-16T14:21:05.390487

## Task
---
type: email
from: Job alerts from Google <notify-noreply@google.com>
subject: 8 new jobs for ‘full stack developer jobs in karachi ’ - 15 Feb
received: Sun, 15 Feb 2026 15:35:51 -0800
priority: high
gmail_id: 19c63a916ad3c1ed
detected: 2026-02-16T14:16:05.949379
---

# Email Task: 8 new jobs for ‘full stack developer jobs in karachi ’ - 15 Feb

**From:** Job alerts from Google <notify-noreply@google.com>
**Date:** Sun, 15 Feb 2026 15:35:51 -0800
**Priority:** high

## Email Content
Full stack developer jobs in karachi Karachi Team Lead (Full Stack Development) Vartopia, LLC Karachi, Pakistan via Jobrapido.com 14 Feb Full-time E Remote MEAN/PERN Full-Stack Engineer Exora AI

## Suggested Actions
- [ ] Read full email
- [ ] Draft reply
- [ ] Forward if needed
- [ ] Archive after handling

## Notes
This task was automatically created by Gmail Watcher.

## Plan
**Bronze Level Plan:**

1.  Read the entire email to understand the full context of the job alert and identify all listed job opportunities.
2.  Identify the specific details of each job posting mentioned (e.g., company, role, location, date posted).
3.  Determine if any of the listed jobs require immediate attention or further action, such as forwarding to a specific individual or team.
4.  Prepare to archive the email once all relevant information has been extracted and any necessary follow-up actions have been identified.

## Execution Report
**Execution Report for Email Task: 8 new jobs for ‘full stack developer jobs in karachi ’ - 15 Feb**

As a Digital AI Employee at Silver Level - The Executor, I have processed the given email task according to the Bronze Level Plan.

---

**Plan:**

1.  Read the entire email to understand the full context of the job alert and identify all listed job opportunities.
2.  Identify the specific details of each job posting mentioned (e.g., company, role, location, date posted).
3.  Determine if any of the listed jobs require immediate attention or further action, such as forwarding to a specific individual or team.
4.  Prepare to archive the email once all relevant information has been extracted and any necessary follow-up actions have been identified.

---

**Step-by-Step Execution and Results:**

**Step 1: Read the entire email to understand the full context of the job alert and identify all listed job opportunities.**
*   **Action Taken:** I have thoroughly read the provided email content, including the subject, sender, date, priority, and the body of the email.
*   **Results:**
    *   **Sender:** Job alerts from Google <notify-noreply@google.com>
    *   **Subject:** 8 new jobs for ‘full stack developer jobs in karachi ’ - 15 Feb
    *   **Date:** Sun, 15 Feb 2026 15:35:51 -0800
    *   **Priority:** high
    *   **Email Content Summary:** The email is a job alert from Google, indicating 8 new jobs for 'full stack developer jobs in karachi'. However, the provided content explicitly lists details for only two job opportunities within the email body.
    *   **Identified Job Opportunities (details to be extracted in Step 2):**
        1.  Karachi Team Lead (Full Stack Development)
        2.  MEAN/PERN Full-Stack Engineer

**Step 2: Identify the specific details of each job posting mentioned (e.g., company, role, location, date posted).**
*   **Action Taken:** I have extracted the specific details for each job posting explicitly mentioned in the "Email Content" section.
*   **Results:**
    *   **Job 1:**
        *   **Role:** Team Lead (Full Stack Development)
        *   **Company:** Vartopia, LLC
        *   **Location:** Karachi, Pakistan
        *   **Via:** Jobrapido.com
        *   **Date Posted:** 14 Feb
        *   **Employment Type:** Full-time
    *   **Job 2:**
        *   **Role:** MEAN/PERN Full-Stack Engineer
        *   **Company:** Exora AI
        *   **Location:** Remote (indicated by "E Remote" which is a common abbreviation for "Expected Remote" or simply "Remote")
        *   **Date Posted:** Not explicitly stated in the provided snippet for this job.
        *   **Employment Type:** Not explicitly stated in the provided snippet for this job.

**Step 3: Determine if any of the listed jobs require immediate attention or further action, such as forwarding to a specific individual or team.**
*   **Action Taken:** I evaluated the job postings and the overall task instructions against the need for immediate attention or forwarding. The Bronze Level Plan does not provide criteria for *when* to forward, *who* to forward to, or *why* such an action would be necessary beyond simply "identifying" if it's needed.
*   **Results:** Based solely on the provided email content and the Bronze Level Plan, there are no explicit instructions, criteria, or designated recipients that necessitate immediate forwarding of this job alert. The task is to *process* the alert, not to act upon it in terms of applying or forwarding without further guidance. Therefore, no forwarding action is determined to be required by *this specific plan*.

**Step 4: Prepare to archive the email once all relevant information has been extracted and any necessary follow-up actions have been identified.**
*   **Action Taken:** All identifiable and relevant information from the email content has been extracted, and a determination regarding follow-up actions (forwarding) has been made according to the plan's scope.
*   **Results:** The email is now ready for archiving, as all information extraction and initial processing defined by the Bronze Level Plan have been completed.

---

**Outputs or Deliverables Created:**
*   Structured extraction of email metadata (sender, subject, date, priority).
*   Detailed breakdown of two identified job postings, including company, role, location, and date posted where available.
*   A determination that no immediate forwarding action is required based on the current plan and available information.

**Final Status:** Completed

Status: Completed
