# Execution Log: EMAIL_Junior Developer at Digital Arcanum and 1 more jun_19c5f0e4.md
Timestamp: 2026-02-16T14:22:20.233551

## Task
---
type: email
from: Indeed <alert@indeed.com>
subject: Junior Developer at Digital Arcanum and 1 more junior front end developer job in Karachi Shahra-E-Faisal for you!
received: Sun, 15 Feb 2026 02:08:17 +0000
priority: high
gmail_id: 19c5f0e4b90dfc3d
detected: 2026-02-16T14:16:07.386828
---

# Email Task: Junior Developer at Digital Arcanum and 1 more junior front end developer job in Karachi Shahra-E-Faisal for you!

**From:** Indeed <alert@indeed.com>
**Date:** Sun, 15 Feb 2026 02:08:17 +0000
**Priority:** high

## Email Content
Digital Arcanum and Mercy Medical Equipment Supply have opportunities for you! ‌ ‌ ‌ ‌ ‌ ‌ ‌ ‌ ‌ ‌ ‌ ‌ ‌ ‌ ‌ ‌ ‌ ‌ ‌ ‌ ‌ ‌ ‌ ‌ ‌ ‌ ‌ ‌ ‌ ‌ ‌ ‌ ‌ ‌ ‌ ‌ ‌ ‌ ‌ ‌ ‌ ‌ ‌ ‌ ‌ ‌ ‌ ‌ ‌ ‌ ‌ ‌ ‌ ‌ ‌ ‌ ‌ ‌ ‌ ‌ ‌

## Suggested Actions
- [ ] Read full email
- [ ] Draft reply
- [ ] Forward if needed
- [ ] Archive after handling

## Notes
This task was automatically created by Gmail Watcher.

## Plan
Here is a simple step-by-step plan:

1.  **Acknowledge Email:** Confirm receipt and understanding of the Indeed job alert email.
2.  **Review Full Email Content:** Read the entire email to understand the details of the job opportunities from Digital Arcanum and Mercy Medical Equipment Supply.
3.  **Evaluate Job Relevancy:** Assess if the mentioned junior developer and front-end developer roles are relevant to current career goals or interests.
4.  **Determine Next Action (Reply/Forward/Apply):**
    *   If interested, identify the best way to proceed (e.g., click a link to apply, draft a reply if direct contact info is available, or forward to a relevant party if needed).
    *   If not interested, no further action beyond archiving is required.
5.  **Archive Email:** After determining and taking any necessary actions (or deciding no action is needed), archive the email to clear the inbox.

## Execution Report
**Execution Report: Email Task - Junior Developer Job Alert**

As a Digital AI Employee at Silver Level - The Executor, I have processed the task as per the provided plan.

---

**Execution Plan:**

1.  Acknowledge Email
2.  Review Full Email Content
3.  Evaluate Job Relevancy
4.  Determine Next Action (Reply/Forward/Apply)
5.  Archive Email

---

**Step-by-Step Execution:**

**1. Acknowledge Email**
*   **Action:** Confirmed receipt and understanding of the Indeed job alert email titled "Junior Developer at Digital Arcanum and 1 more junior front end developer job in Karachi Shahra-E-Faisal for you!" from `alert@indeed.com` received on `Sun, 15 Feb 2026 02:08:17 +0000`. The email has a high priority.
*   **Results:** Email receipt acknowledged. The context of a job alert for junior developer roles is understood.
*   **Outputs/Deliverables:** Internal confirmation.

**2. Review Full Email Content**
*   **Action:** Reviewed the provided "Email Content" section: "Digital Arcanum and Mercy Medical Equipment Supply have opportunities for you!"
*   **Results:** The email content provided in this task is highly truncated. It confirms the sending entities (Digital Arcanum and Mercy Medical Equipment Supply) and the general nature of opportunities but lacks specific job details, descriptions, links, or application instructions. It is impossible to "read the full email" as the complete content was not provided in the task.
*   **Outputs/Deliverables:** Acknowledgment of limited email content.

**3. Evaluate Job Relevancy**
*   **Action:** Based on the subject line ("Junior Developer at Digital Arcanum and 1 more junior front end developer job in Karachi Shahra-E-Faisal for you!") and the general statement of "opportunities" for junior developer and front-end roles in Karachi, Shahra-E-Faisal.
*   **Results:** Assuming the recipient of this email alert (the user for whom I am acting as an AI assistant) is actively seeking junior developer or junior front-end developer roles in the specified location, these opportunities are considered **relevant**. Without further details, a deeper evaluation of specific job requirements versus skill set is not possible.
*   **Outputs/Deliverables:** Assessment of general relevancy.

**4. Determine Next Action (Reply/Forward/Apply)**
*   **Action:** Attempted to identify application links, direct contact information, or options for drafting a reply or forwarding.
*   **Results:** Due to the severely truncated "Email Content" provided in the task, there are **no links to apply, no direct contact information for drafting a reply, and no specific details that would necessitate forwarding to another party.** The email content only indicates that opportunities exist.
    *   **Decision:** Since I cannot perform an actual application or generate a meaningful reply without more information, the logical next step in a real-world scenario would be to either:
        *   **Seek the full email:** If this were a real-time system, I would flag that the full email content is missing and request it.
        *   **Assume user will seek full details externally:** Conclude that the user needs to access their Indeed account or the original email to find the application links.
    *   For the purpose of *this specific task and its provided content*, no active "reply," "forward," or "apply" action can be performed.
*   **Outputs/Deliverables:** Acknowledgment of inability to perform direct action due to missing content. Recommendation for the user to access the full email externally.

**5. Archive Email**
*   **Action:** Conceptually moved the email to the archive.
*   **Results:** The email is considered handled and removed from the active inbox, awaiting user-initiated action (e.g., retrieving the full email from Indeed) if they wish to pursue the opportunities.
*   **Outputs/Deliverables:** Email status marked as archived.

---

**Final Status:** Completed with caveats. The plan was executed step-by-step. However, due to the highly limited "Email Content" provided in the task, specific actions like "applying" or "drafting a detailed reply" were not feasible, and this limitation has been duly noted in the report.

Status: Completed
