🔍 Checking for approved tasks...
⏳ Waiting for approval: EMAIL_No Subject_19c65e87.md
⏳ Waiting for approval: EMAIL_Junior Developer at Digital Arcanum and 4 more jun_19c66639.md
⏳ Waiting for approval: EMAIL_Hello from AI Employee Vault_19c66892.md
⏳ Waiting for approval: EMAIL_Fiverr Guru Freelancer Upwork BIDDER at innovatixh_19c667af.md
⏳ Waiting for approval: EMAIL_jie_19c66863.md
✨ No approved tasks to execute
[Mon Feb 16 19:05:06 PKT 2026] Silver Executor completed
🔍 Checking for approved tasks...
⏳ Waiting for approval: EMAIL_No Subject_19c65e87.md
⏳ Waiting for approval: EMAIL_Junior Developer at Digital Arcanum and 4 more jun_19c66639.md
⏳ Waiting for approval: EMAIL_Hello from AI Employee Vault_19c66892.md
⏳ Waiting for approval: EMAIL_Fiverr Guru Freelancer Upwork BIDDER at innovatixh_19c667af.md
⏳ Waiting for approval: EMAIL_jie_19c66863.md
✨ No approved tasks to execute
[Mon Feb 16 19:10:08 PKT 2026] Silver Executor completed
🔍 Checking for approved tasks...
⏳ Waiting for approval: EMAIL_No Subject_19c65e87.md
⏳ Waiting for approval: EMAIL_Junior Developer at Digital Arcanum and 4 more jun_19c66639.md
⏳ Waiting for approval: EMAIL_Hello from AI Employee Vault_19c66892.md
⏳ Waiting for approval: EMAIL_Fiverr Guru Freelancer Upwork BIDDER at innovatixh_19c667af.md
⏳ Waiting for approval: EMAIL_jie_19c66863.md
✨ No approved tasks to execute
[Mon Feb 16 19:15:06 PKT 2026] Silver Executor completed
🔍 Checking for approved tasks...
⏳ Waiting for approval: EMAIL_No Subject_19c65e87.md
⏳ Waiting for approval: EMAIL_Junior Developer at Digital Arcanum and 4 more jun_19c66639.md
⏳ Waiting for approval: EMAIL_Hello from AI Employee Vault_19c66892.md
⏳ Waiting for approval: EMAIL_Fiverr Guru Freelancer Upwork BIDDER at innovatixh_19c667af.md
⏳ Waiting for approval: EMAIL_jie_19c66863.md
✨ No approved tasks to execute
[Mon Feb 16 19:20:04 PKT 2026] Silver Executor completed
🔍 Checking for approved tasks...
⏳ Waiting for approval: EMAIL_No Subject_19c65e87.md
⏳ Waiting for approval: EMAIL_Junior Developer at Digital Arcanum and 4 more jun_19c66639.md
⏳ Waiting for approval: EMAIL_Hello from AI Employee Vault_19c66892.md
⏳ Waiting for approval: EMAIL_Fiverr Guru Freelancer Upwork BIDDER at innovatixh_19c667af.md
⏳ Waiting for approval: EMAIL_jie_19c66863.md
✨ No approved tasks to execute
[Mon Feb 16 19:25:04 PKT 2026] Silver Executor completed
🔍 Checking for approved tasks...
⏳ Waiting for approval: EMAIL_No Subject_19c65e87.md
⏳ Waiting for approval: EMAIL_Junior Developer at Digital Arcanum and 4 more jun_19c66639.md
⏳ Waiting for approval: EMAIL_Hello from AI Employee Vault_19c66892.md
⏳ Waiting for approval: EMAIL_Fiverr Guru Freelancer Upwork BIDDER at innovatixh_19c667af.md
⏳ Waiting for approval: EMAIL_jie_19c66863.md
✨ No approved tasks to execute
[Mon Feb 16 19:30:04 PKT 2026] Silver Executor completed
🔍 Checking for approved tasks...
⏳ Waiting for approval: EMAIL_No Subject_19c65e87.md
⏳ Waiting for approval: EMAIL_Junior Developer at Digital Arcanum and 4 more jun_19c66639.md
⏳ Waiting for approval: EMAIL_Hello from AI Employee Vault_19c66892.md
⏳ Waiting for approval: EMAIL_Fiverr Guru Freelancer Upwork BIDDER at innovatixh_19c667af.md
⏳ Waiting for approval: EMAIL_jie_19c66863.md
✨ No approved tasks to execute
[Mon Feb 16 19:35:04 PKT 2026] Silver Executor completed
🔍 Checking for approved tasks...
⏳ Waiting for approval: EMAIL_No Subject_19c65e87.md
⏳ Waiting for approval: EMAIL_Junior Developer at Digital Arcanum and 4 more jun_19c66639.md
⏳ Waiting for approval: EMAIL_Hello from AI Employee Vault_19c66892.md
⏳ Waiting for approval: EMAIL_jie_19c66863.md
✨ No approved tasks to execute
[Mon Feb 16 19:40:05 PKT 2026] Silver Executor completed
🔍 Checking for approved tasks...
⏳ Waiting for approval: EMAIL_No Subject_19c65e87.md
⏳ Waiting for approval: EMAIL_Junior Developer at Digital Arcanum and 4 more jun_19c66639.md
⏳ Waiting for approval: EMAIL_Hello from AI Employee Vault_19c66892.md
⏳ Waiting for approval: EMAIL_jie_19c66863.md
✨ No approved tasks to execute
[Mon Feb 16 19:45:05 PKT 2026] Silver Executor completed
🔍 Checking for approved tasks...
⏳ Waiting for approval: EMAIL_No Subject_19c65e87.md
⏳ Waiting for approval: EMAIL_Junior Developer at Digital Arcanum and 4 more jun_19c66639.md
⏳ Waiting for approval: EMAIL_Hello from AI Employee Vault_19c66892.md
⏳ Waiting for approval: EMAIL_jie_19c66863.md
✨ No approved tasks to execute
[Mon Feb 16 19:50:05 PKT 2026] Silver Executor completed
🔍 Checking for approved tasks...
⏳ Waiting for approval: EMAIL_Testing_19c66ef2.md
✨ No approved tasks to execute
[Mon Feb 16 19:55:05 PKT 2026] Silver Executor completed
🔍 Checking for approved tasks...
⏳ Waiting for approval: EMAIL_Testing_19c66ef2.md
✨ No approved tasks to execute
[Mon Feb 16 20:40:05 PKT 2026] Silver Executor completed
🔍 Checking for approved tasks...
🚀 Executing task: EMAIL_Testing_19c66ef2.md
✅ Task executed successfully: EMAIL_Testing_19c66ef2.md
📦 Moved EMAIL_Testing_19c66ef2.md to Done folder
⏳ Waiting for approval: EMAIL_Youre almost there Complete your application_19c670f5.md

🎉 Executed 1 task(s)
[Mon Feb 16 20:45:09 PKT 2026] Silver Executor completed
🔍 Checking for approved tasks...
⏳ Waiting for approval: EMAIL_Youre almost there Complete your application_19c670f5.md
✨ No approved tasks to execute
[Mon Feb 16 20:50:06 PKT 2026] Silver Executor completed
🔍 Checking for approved tasks...
⏳ Waiting for approval: EMAIL_Youre almost there Complete your application_19c670f5.md
✨ No approved tasks to execute
[Mon Feb 16 20:55:07 PKT 2026] Silver Executor completed
🔍 Checking for approved tasks...
⏳ Waiting for approval: EMAIL_Youre almost there Complete your application_19c670f5.md
✨ No approved tasks to execute
[Mon Feb 16 21:00:06 PKT 2026] Silver Executor completed
🔍 Checking for approved tasks...
⏳ Waiting for approval: EMAIL_Youre almost there Complete your application_19c670f5.md
✨ No approved tasks to execute
[Mon Feb 16 21:05:06 PKT 2026] Silver Executor completed
🔍 Checking for approved tasks...
⏳ Waiting for approval: EMAIL_Youre almost there Complete your application_19c670f5.md
✨ No approved tasks to execute
[Mon Feb 16 21:10:05 PKT 2026] Silver Executor completed
🔍 Checking for approved tasks...
⏳ Waiting for approval: EMAIL_Youre almost there Complete your application_19c670f5.md
✨ No approved tasks to execute
[Mon Feb 16 21:15:06 PKT 2026] Silver Executor completed
🔍 Checking for approved tasks...
⏳ Waiting for approval: EMAIL_Youre almost there Complete your application_19c670f5.md
✨ No approved tasks to execute
[Mon Feb 16 21:20:11 PKT 2026] Silver Executor completed
🔍 Checking for approved tasks...
⏳ Waiting for approval: EMAIL_Youre almost there Complete your application_19c670f5.md
✨ No approved tasks to execute
[Mon Feb 16 21:25:08 PKT 2026] Silver Executor completed
🔍 Checking for approved tasks...
⏳ Waiting for approval: EMAIL_Youre almost there Complete your application_19c670f5.md
✨ No approved tasks to execute
[Mon Feb 16 21:30:06 PKT 2026] Silver Executor completed
🔍 Checking for approved tasks...
⏳ Waiting for approval: EMAIL_Youre almost there Complete your application_19c670f5.md
✨ No approved tasks to execute
[Mon Feb 16 21:35:05 PKT 2026] Silver Executor completed
🔍 Checking for approved tasks...
⏳ Waiting for approval: EMAIL_Youre almost there Complete your application_19c670f5.md
✨ No approved tasks to execute
[Mon Feb 16 21:40:06 PKT 2026] Silver Executor completed
